{"C:\\Users\\Lenovo\\Documents\\GitHub\\cedt-se-project-borisat_yaeng_tua\\Backend\\controllers\\jestcars.js": {"path":"C:\\Users\\Lenovo\\Documents\\GitHub\\cedt-se-project-borisat_yaeng_tua\\Backend\\controllers\\jestcars.js","statementMap":{"0":{"start":{"line":1,"column":12},"end":{"line":1,"column":36}},"1":{"start":{"line":2,"column":16},"end":{"line":2,"column":45}},"2":{"start":{"line":7,"column":0},"end":{"line":17,"column":2}},"3":{"start":{"line":8,"column":4},"end":{"line":16,"column":5}},"4":{"start":{"line":9,"column":20},"end":{"line":9,"column":74}},"5":{"start":{"line":10,"column":8},"end":{"line":13,"column":10}},"6":{"start":{"line":15,"column":8},"end":{"line":15,"column":71}},"7":{"start":{"line":22,"column":0},"end":{"line":53,"column":2}},"8":{"start":{"line":24,"column":20},"end":{"line":24,"column":53}},"9":{"start":{"line":26,"column":8},"end":{"line":28,"column":9}},"10":{"start":{"line":27,"column":12},"end":{"line":27,"column":86}},"11":{"start":{"line":37,"column":26},"end":{"line":37,"column":68}},"12":{"start":{"line":38,"column":8},"end":{"line":38,"column":31}},"13":{"start":{"line":39,"column":8},"end":{"line":39,"column":37}},"14":{"start":{"line":40,"column":8},"end":{"line":45,"column":9}},"15":{"start":{"line":41,"column":12},"end":{"line":44,"column":19}},"16":{"start":{"line":47,"column":8},"end":{"line":47,"column":30}},"17":{"start":{"line":48,"column":8},"end":{"line":48,"column":85}}},"fnMap":{"0":{"name":"(anonymous_0)","decl":{"start":{"line":7,"column":20},"end":{"line":7,"column":21}},"loc":{"start":{"line":7,"column":46},"end":{"line":17,"column":1}},"line":7},"1":{"name":"(anonymous_1)","decl":{"start":{"line":22,"column":20},"end":{"line":22,"column":21}},"loc":{"start":{"line":22,"column":46},"end":{"line":53,"column":1}},"line":22}},"branchMap":{"0":{"loc":{"start":{"line":26,"column":8},"end":{"line":28,"column":9}},"type":"if","locations":[{"start":{"line":26,"column":8},"end":{"line":28,"column":9}},{"start":{},"end":{}}],"line":26},"1":{"loc":{"start":{"line":40,"column":8},"end":{"line":45,"column":9}},"type":"if","locations":[{"start":{"line":40,"column":8},"end":{"line":45,"column":9}},{"start":{},"end":{}}],"line":40}},"s":{"0":2,"1":2,"2":2,"3":9,"4":9,"5":1,"6":8,"7":2,"8":3,"9":3,"10":1,"11":2,"12":2,"13":2,"14":2,"15":1,"16":1,"17":1},"f":{"0":9,"1":3},"b":{"0":[1,2],"1":[1,1]},"_coverageSchema":"1a1c01bbd47fc00a2c39e90264f33305004495a9","hash":"df769d0d45fa85f29cc66ce8b24cd3e450aa0088"}
,"C:\\Users\\Lenovo\\Documents\\GitHub\\cedt-se-project-borisat_yaeng_tua\\Backend\\models\\Bookings.js": {"path":"C:\\Users\\Lenovo\\Documents\\GitHub\\cedt-se-project-borisat_yaeng_tua\\Backend\\models\\Bookings.js","statementMap":{"0":{"start":{"line":1,"column":17},"end":{"line":1,"column":36}},"1":{"start":{"line":3,"column":22},"end":{"line":31,"column":2}},"2":{"start":{"line":33,"column":0},"end":{"line":33,"column":58}}},"fnMap":{},"branchMap":{},"s":{"0":2,"1":2,"2":2},"f":{},"b":{},"_coverageSchema":"1a1c01bbd47fc00a2c39e90264f33305004495a9","hash":"a057a7257e1a8ca57c7f0599ba5658b720dfd754"}
,"C:\\Users\\Lenovo\\Documents\\GitHub\\cedt-se-project-borisat_yaeng_tua\\Backend\\models\\Car.js": {"path":"C:\\Users\\Lenovo\\Documents\\GitHub\\cedt-se-project-borisat_yaeng_tua\\Backend\\models\\Car.js","statementMap":{"0":{"start":{"line":1,"column":17},"end":{"line":1,"column":36}},"1":{"start":{"line":3,"column":18},"end":{"line":59,"column":2}},"2":{"start":{"line":69,"column":0},"end":{"line":74,"column":3}},"3":{"start":{"line":76,"column":0},"end":{"line":76,"column":50}}},"fnMap":{},"branchMap":{},"s":{"0":1,"1":1,"2":1,"3":1},"f":{},"b":{},"_coverageSchema":"1a1c01bbd47fc00a2c39e90264f33305004495a9","hash":"a3a29f878a59dcca4d86e74ee37ade08cb9dc1dc"}
}
