TN:
SF:controllers/jestcars.js
FN:7,(anonymous_0)
FN:22,(anonymous_1)
FNF:2
FNH:2
FNDA:9,(anonymous_0)
FNDA:3,(anonymous_1)
DA:1,2
DA:2,2
DA:7,2
DA:8,9
DA:9,9
DA:10,1
DA:15,8
DA:22,2
DA:24,3
DA:26,3
DA:27,1
DA:37,2
DA:38,2
DA:39,2
DA:40,2
DA:41,1
DA:47,1
DA:48,1
LF:18
LH:18
BRDA:26,0,0,1
BRDA:26,0,1,2
BRDA:40,1,0,1
BRDA:40,1,1,1
BRF:4
BRH:4
end_of_record
TN:
SF:models/Bookings.js
FNF:0
FNH:0
DA:1,2
DA:3,2
DA:33,2
LF:3
LH:3
BRF:0
BRH:0
end_of_record
TN:
SF:models/Car.js
FNF:0
FNH:0
DA:1,1
DA:3,1
DA:69,1
DA:76,1
LF:4
LH:4
BRF:0
BRH:0
end_of_record
