TN:
SF:cars.js
FN:7,(anonymous_0)
FN:18,(anonymous_1)
FN:25,(anonymous_2)
FN:87,(anonymous_3)
FN:107,(anonymous_4)
FN:127,(anonymous_5)
FN:142,(anonymous_6)
FN:171,(anonymous_7)
FN:196,(anonymous_8)
FN:197,(anonymous_9)
FNF:10
FNH:1
FNDA:0,(anonymous_0)
FNDA:0,(anonymous_1)
FNDA:0,(anonymous_2)
FNDA:0,(anonymous_3)
FNDA:0,(anonymous_4)
FNDA:9,(anonymous_5)
FNDA:0,(anonymous_6)
FNDA:0,(anonymous_7)
FNDA:0,(anonymous_8)
FNDA:0,(anonymous_9)
DA:1,1
DA:2,1
DA:7,1
DA:8,0
DA:12,0
DA:15,0
DA:18,0
DA:22,0
DA:25,0
DA:28,0
DA:31,0
DA:32,0
DA:33,0
DA:37,0
DA:38,0
DA:39,0
DA:41,0
DA:45,0
DA:46,0
DA:47,0
DA:48,0
DA:49,0
DA:51,0
DA:54,0
DA:57,0
DA:59,0
DA:60,0
DA:66,0
DA:67,0
DA:73,0
DA:80,0
DA:87,1
DA:88,0
DA:89,0
DA:91,0
DA:92,0
DA:95,0
DA:100,0
DA:107,1
DA:108,0
DA:109,0
DA:111,0
DA:112,0
DA:115,0
DA:120,0
DA:127,1
DA:128,9
DA:129,9
DA:130,1
DA:135,8
DA:142,1
DA:143,0
DA:144,0
DA:149,0
DA:150,0
DA:153,0
DA:154,0
DA:160,0
DA:163,0
DA:164,0
DA:171,1
DA:172,0
DA:173,0
DA:175,0
DA:176,0
DA:179,0
DA:180,0
DA:186,0
DA:187,0
DA:189,0
DA:196,1
DA:197,0
DA:198,0
DA:199,0
DA:203,0
LF:75
LH:13
BRDA:31,0,0,0
BRDA:31,0,1,0
BRDA:37,1,0,0
BRDA:37,1,1,0
BRDA:45,2,0,0
BRDA:45,2,1,0
BRDA:46,3,0,0
BRDA:46,3,1,0
BRDA:59,4,0,0
BRDA:59,4,1,0
BRDA:66,5,0,0
BRDA:66,5,1,0
BRDA:91,6,0,0
BRDA:91,6,1,0
BRDA:111,7,0,0
BRDA:111,7,1,0
BRDA:111,8,0,0
BRDA:111,8,1,0
BRDA:149,9,0,0
BRDA:149,9,1,0
BRDA:153,10,0,0
BRDA:153,10,1,0
BRDA:153,11,0,0
BRDA:153,11,1,0
BRDA:153,11,2,0
BRDA:175,12,0,0
BRDA:175,12,1,0
BRDA:179,13,0,0
BRDA:179,13,1,0
BRDA:179,14,0,0
BRDA:179,14,1,0
BRDA:179,14,2,0
BRDA:198,15,0,0
BRDA:198,15,1,0
BRDA:201,16,0,0
BRDA:201,16,1,0
BRF:36
BRH:0
end_of_record
